[1 of 2] Compiling Main             ( C:\Users\Saku\AppData\Local\Temp\stack6116\ad-4.3.5\Setup.lhs, C:\Users\Saku\AppData\Local\Temp\stack6116\ad-4.3.5\.stack-work\dist\5c8418a7\setup\Main.o )
[2 of 2] Compiling StackSetupShim   ( C:\sr\setup-exe-src\setup-shim-Z6RU0evB.hs, C:\Users\Saku\AppData\Local\Temp\stack6116\ad-4.3.5\.stack-work\dist\5c8418a7\setup\StackSetupShim.o )
Linking C:\Users\Saku\AppData\Local\Temp\stack6116\ad-4.3.5\.stack-work\dist\5c8418a7\setup\setup.exe ...
Configuring ad-4.3.5...
Preprocessing library for ad-4.3.5..
Building library for ad-4.3.5..
[ 1 of 33] Compiling Numeric.AD.Jet   ( src\Numeric\AD\Jet.hs, .stack-work\dist\5c8418a7\build\Numeric\AD\Jet.o )
[ 2 of 33] Compiling Numeric.AD.Mode  ( src\Numeric\AD\Mode.hs, .stack-work\dist\5c8418a7\build\Numeric\AD\Mode.o )
[ 3 of 33] Compiling Numeric.AD.Jacobian ( src\Numeric\AD\Jacobian.hs, .stack-work\dist\5c8418a7\build\Numeric\AD\Jacobian.o )
[ 4 of 33] Compiling Numeric.AD.Internal.Type ( src\Numeric\AD\Internal\Type.hs, .stack-work\dist\5c8418a7\build\Numeric\AD\Internal\Type.o )
[ 5 of 33] Compiling Numeric.AD.Internal.Or ( src\Numeric\AD\Internal\Or.hs, .stack-work\dist\5c8418a7\build\Numeric\AD\Internal\Or.o )

[;1msrc\Numeric\AD\Internal\Or.hs:61:1: [;1m[35mwarning:[0m[0m[;1m [[;1m[35m-Woverlapping-patterns[0m[0m[;1m][0m[0m[;1m
    Pattern match is redundant
    In an equation for `binary': binary _ _ _ _ = ...[0m[0m
[;1m[34m   |[0m[0m
[;1m[34m61 |[0m[0m [;1m[35mbinary _ _ _ _ = impossible[0m[0m
[;1m[34m   |[0m[0m[;1m[35m ^^^^^^^^^^^^^^^^^^^^^^^^^^^[0m[0m
[0m[0m[0m
[;1msrc\Numeric\AD\Internal\Or.hs:91:3: [;1m[35mwarning:[0m[0m[;1m [[;1m[35m-Woverlapping-patterns[0m[0m[;1m][0m[0m[;1m
    Pattern match is redundant
    In an equation for `==': == _ _ = ...[0m[0m
[;1m[34m   |[0m[0m
[;1m[34m91 |[0m[0m   [;1m[35m_ == _ = impossible[0m[0m
[;1m[34m   |[0m[0m[;1m[35m   ^^^^^^^^^^^^^^^^^^^[0m[0m
[0m[0m[0m
[;1msrc\Numeric\AD\Internal\Or.hs:96:3: [;1m[35mwarning:[0m[0m[;1m [[;1m[35m-Woverlapping-patterns[0m[0m[;1m][0m[0m[;1m
    Pattern match is redundant
    In an equation for `compare': compare _ _ = ...[0m[0m
[;1m[34m   |[0m[0m
[;1m[34m96 |[0m[0m   [;1m[35m_ `compare` _ = impossible[0m[0m
[;1m[34m   |[0m[0m[;1m[35m   ^^^^^^^^^^^^^^^^^^^^^^^^^^[0m[0m
[0m[0m[0m
[;1msrc\Numeric\AD\Internal\Or.hs:107:3: [;1m[35mwarning:[0m[0m[;1m [[;1m[35m-Woverlapping-patterns[0m[0m[;1m][0m[0m[;1m
    Pattern match is redundant
    In an equation for `enumFromThen': enumFromThen _ _ = ...[0m[0m
[;1m[34m    |[0m[0m
[;1m[34m107 |[0m[0m   [;1m[35menumFromThen _     _     = impossible[0m[0m
[;1m[34m    |[0m[0m[;1m[35m   ^^^^^^^^^^^^^^^^^^^^^^^^^^^^^^^^^^^^^[0m[0m
[0m[0m[0m
[;1msrc\Numeric\AD\Internal\Or.hs:110:3: [;1m[35mwarning:[0m[0m[;1m [[;1m[35m-Woverlapping-patterns[0m[0m[;1m][0m[0m[;1m
    Pattern match is redundant
    In an equation for `enumFromTo': enumFromTo _ _ = ...[0m[0m
[;1m[34m    |[0m[0m
[;1m[34m110 |[0m[0m   [;1m[35menumFromTo _     _     = impossible[0m[0m
[;1m[34m    |[0m[0m[;1m[35m   ^^^^^^^^^^^^^^^^^^^^^^^^^^^^^^^^^^^[0m[0m
[0m[0m[0m
[;1msrc\Numeric\AD\Internal\Or.hs:113:3: [;1m[35mwarning:[0m[0m[;1m [[;1m[35m-Woverlapping-patterns[0m[0m[;1m][0m[0m[;1m
    Pattern match is redundant
    In an equation for `enumFromThenTo': enumFromThenTo _ _ _ = ...[0m[0m
[;1m[34m    |[0m[0m
[;1m[34m113 |[0m[0m   [;1m[35menumFromThenTo _     _     _     = impossible[0m[0m
[;1m[34m    |[0m[0m[;1m[35m   ^^^^^^^^^^^^^^^^^^^^^^^^^^^^^^^^^^^^^^^^^^^^^[0m[0m
[0m[0m[0m[ 6 of 33] Compiling Numeric.AD.Internal.On ( src\Numeric\AD\Internal\On.hs, .stack-work\dist\5c8418a7\build\Numeric\AD\Internal\On.o )
[ 7 of 33] Compiling Numeric.AD.Internal.Identity ( src\Numeric\AD\Internal\Identity.hs, .stack-work\dist\5c8418a7\build\Numeric\AD\Internal\Identity.o )
[ 8 of 33] Compiling Numeric.AD.Internal.Combinators ( src\Numeric\AD\Internal\Combinators.hs, .stack-work\dist\5c8418a7\build\Numeric\AD\Internal\Combinators.o )
[ 9 of 33] Compiling Numeric.AD.Internal.Tower ( src\Numeric\AD\Internal\Tower.hs, .stack-work\dist\5c8418a7\build\Numeric\AD\Internal\Tower.o )
[10 of 33] Compiling Numeric.AD.Internal.Sparse ( src\Numeric\AD\Internal\Sparse.hs, .stack-work\dist\5c8418a7\build\Numeric\AD\Internal\Sparse.o )
[11 of 33] Compiling Numeric.AD.Internal.Reverse ( src\Numeric\AD\Internal\Reverse.hs, .stack-work\dist\5c8418a7\build\Numeric\AD\Internal\Reverse.o )
[12 of 33] Compiling Numeric.AD.Internal.Kahn ( src\Numeric\AD\Internal\Kahn.hs, .stack-work\dist\5c8418a7\build\Numeric\AD\Internal\Kahn.o )
[13 of 33] Compiling Numeric.AD.Internal.Forward.Double ( src\Numeric\AD\Internal\Forward\Double.hs, .stack-work\dist\5c8418a7\build\Numeric\AD\Internal\Forward\Double.o )
[14 of 33] Compiling Numeric.AD.Internal.Forward ( src\Numeric\AD\Internal\Forward.hs, .stack-work\dist\5c8418a7\build\Numeric\AD\Internal\Forward.o )
[15 of 33] Compiling Numeric.AD.Internal.Dense ( src\Numeric\AD\Internal\Dense.hs, .stack-work\dist\5c8418a7\build\Numeric\AD\Internal\Dense.o )
[16 of 33] Compiling Numeric.AD.Mode.Reverse ( src\Numeric\AD\Mode\Reverse.hs, .stack-work\dist\5c8418a7\build\Numeric\AD\Mode\Reverse.o )
[17 of 33] Compiling Numeric.AD.Rank1.Forward ( src\Numeric\AD\Rank1\Forward.hs, .stack-work\dist\5c8418a7\build\Numeric\AD\Rank1\Forward.o )
[18 of 33] Compiling Numeric.AD.Mode.Forward ( src\Numeric\AD\Mode\Forward.hs, .stack-work\dist\5c8418a7\build\Numeric\AD\Mode\Forward.o )
[19 of 33] Compiling Numeric.AD.Rank1.Forward.Double ( src\Numeric\AD\Rank1\Forward\Double.hs, .stack-work\dist\5c8418a7\build\Numeric\AD\Rank1\Forward\Double.o )
[20 of 33] Compiling Numeric.AD.Mode.Forward.Double ( src\Numeric\AD\Mode\Forward\Double.hs, .stack-work\dist\5c8418a7\build\Numeric\AD\Mode\Forward\Double.o )
[21 of 33] Compiling Numeric.AD.Rank1.Kahn ( src\Numeric\AD\Rank1\Kahn.hs, .stack-work\dist\5c8418a7\build\Numeric\AD\Rank1\Kahn.o )
[22 of 33] Compiling Numeric.AD.Mode.Kahn ( src\Numeric\AD\Mode\Kahn.hs, .stack-work\dist\5c8418a7\build\Numeric\AD\Mode\Kahn.o )
[23 of 33] Compiling Numeric.AD.Rank1.Newton ( src\Numeric\AD\Rank1\Newton.hs, .stack-work\dist\5c8418a7\build\Numeric\AD\Rank1\Newton.o )
[24 of 33] Compiling Numeric.AD.Newton ( src\Numeric\AD\Newton.hs, .stack-work\dist\5c8418a7\build\Numeric\AD\Newton.o )
[25 of 33] Compiling Numeric.AD.Rank1.Newton.Double ( src\Numeric\AD\Rank1\Newton\Double.hs, .stack-work\dist\5c8418a7\build\Numeric\AD\Rank1\Newton\Double.o )
[26 of 33] Compiling Numeric.AD.Newton.Double ( src\Numeric\AD\Newton\Double.hs, .stack-work\dist\5c8418a7\build\Numeric\AD\Newton\Double.o )
[27 of 33] Compiling Numeric.AD.Rank1.Sparse ( src\Numeric\AD\Rank1\Sparse.hs, .stack-work\dist\5c8418a7\build\Numeric\AD\Rank1\Sparse.o )
[28 of 33] Compiling Numeric.AD.Mode.Sparse ( src\Numeric\AD\Mode\Sparse.hs, .stack-work\dist\5c8418a7\build\Numeric\AD\Mode\Sparse.o )
[29 of 33] Compiling Numeric.AD.Rank1.Tower ( src\Numeric\AD\Rank1\Tower.hs, .stack-work\dist\5c8418a7\build\Numeric\AD\Rank1\Tower.o )
[30 of 33] Compiling Numeric.AD.Rank1.Halley ( src\Numeric\AD\Rank1\Halley.hs, .stack-work\dist\5c8418a7\build\Numeric\AD\Rank1\Halley.o )
[31 of 33] Compiling Numeric.AD.Halley ( src\Numeric\AD\Halley.hs, .stack-work\dist\5c8418a7\build\Numeric\AD\Halley.o )
[32 of 33] Compiling Numeric.AD.Mode.Tower ( src\Numeric\AD\Mode\Tower.hs, .stack-work\dist\5c8418a7\build\Numeric\AD\Mode\Tower.o )
[33 of 33] Compiling Numeric.AD       ( src\Numeric\AD.hs, .stack-work\dist\5c8418a7\build\Numeric\AD.o )
Installing library in C:\sr\snapshots\b40ca3f8\lib\x86_64-windows-ghc-8.2.2\ad-4.3.5-6cp9GCCfRXx5C3s6OMOUBV
Registering library for ad-4.3.5..
