Configuring flexible-defaults-0.0.1.2...
Preprocessing library for flexible-defaults-0.0.1.2..
Building library for flexible-defaults-0.0.1.2..
[1 of 3] Compiling Language.Haskell.TH.FlexibleDefaults.Solve ( src\Language\Haskell\TH\FlexibleDefaults\Solve.hs, .stack-work\dist\5c8418a7\build\Language\Haskell\TH\FlexibleDefaults\Solve.o )

[;1msrc\Language\Haskell\TH\FlexibleDefaults\Solve.hs:13:1: [;1m[35mwarning:[0m[0m[;1m [[;1m[35m-Wunused-imports[0m[0m[;1m][0m[0m[;1m
    The import of `Data.Monoid' is redundant
      except perhaps to import instances from `Data.Monoid'
    To import instances alone, use: import Data.Monoid()[0m[0m
[;1m[34m   |[0m[0m
[;1m[34m13 |[0m[0m [;1m[35mimport Data.Monoid[0m[0m 
[;1m[34m   |[0m[0m[;1m[35m ^^^^^^^^^^^^^^^^^^[0m[0m
[0m[0m[0m[2 of 3] Compiling Language.Haskell.TH.FlexibleDefaults.DSL ( src\Language\Haskell\TH\FlexibleDefaults\DSL.hs, .stack-work\dist\5c8418a7\build\Language\Haskell\TH\FlexibleDefaults\DSL.o )

[;1msrc\Language\Haskell\TH\FlexibleDefaults\DSL.hs:4:1: [;1m[35mwarning:[0m[0m[;1m [[;1m[35m-Wunused-imports[0m[0m[;1m][0m[0m[;1m
    The import of `Control.Applicative' is redundant
      except perhaps to import instances from `Control.Applicative'
    To import instances alone, use: import Control.Applicative()[0m[0m
[;1m[34m  |[0m[0m
[;1m[34m4 |[0m[0m [;1m[35mimport Control.Applicative[0m[0m
[;1m[34m  |[0m[0m[;1m[35m ^^^^^^^^^^^^^^^^^^^^^^^^^^[0m[0m
[0m[0m[0m
[;1msrc\Language\Haskell\TH\FlexibleDefaults\DSL.hs:9:1: [;1m[35mwarning:[0m[0m[;1m [[;1m[35m-Wunused-imports[0m[0m[;1m][0m[0m[;1m
    The import of `Data.Monoid' is redundant
      except perhaps to import instances from `Data.Monoid'
    To import instances alone, use: import Data.Monoid()[0m[0m
[;1m[34m  |[0m[0m
[;1m[34m9 |[0m[0m [;1m[35mimport Data.Monoid[0m[0m
[;1m[34m  |[0m[0m[;1m[35m ^^^^^^^^^^^^^^^^^^[0m[0m
[0m[0m[0m[3 of 3] Compiling Language.Haskell.TH.FlexibleDefaults ( src\Language\Haskell\TH\FlexibleDefaults.hs, .stack-work\dist\5c8418a7\build\Language\Haskell\TH\FlexibleDefaults.o )

[;1msrc\Language\Haskell\TH\FlexibleDefaults.hs:28:1: [;1m[35mwarning:[0m[0m[;1m [[;1m[35m-Wunused-imports[0m[0m[;1m][0m[0m[;1m
    The import of `Data.Monoid' is redundant
      except perhaps to import instances from `Data.Monoid'
    To import instances alone, use: import Data.Monoid()[0m[0m
[;1m[34m   |[0m[0m
[;1m[34m28 |[0m[0m [;1m[35mimport Data.Monoid[0m[0m 
[;1m[34m   |[0m[0m[;1m[35m ^^^^^^^^^^^^^^^^^^[0m[0m
[0m[0m[0mInstalling library in C:\sr\snapshots\b40ca3f8\lib\x86_64-windows-ghc-8.2.2\flexible-defaults-0.0.1.2-2WeGy9pThEhCAIa5cvrMYW
Registering library for flexible-defaults-0.0.1.2..
