Configuring random-source-0.3.0.6...
Preprocessing library for random-source-0.3.0.6..
Building library for random-source-0.3.0.6..
[ 1 of 10] Compiling Data.Random.Internal.Words ( src\Data\Random\Internal\Words.hs, .stack-work\dist\5c8418a7\build\Data\Random\Internal\Words.o )
[ 2 of 10] Compiling Data.Random.Source.Internal.Prim ( src\Data\Random\Source\Internal\Prim.hs, .stack-work\dist\5c8418a7\build\Data\Random\Source\Internal\Prim.o )
[ 3 of 10] Compiling Data.Random.Internal.Source ( src\Data\Random\Internal\Source.hs, .stack-work\dist\5c8418a7\build\Data\Random\Internal\Source.o )
[ 4 of 10] Compiling Data.Random.Source.Internal.TH ( src\Data\Random\Source\Internal\TH.hs, .stack-work\dist\5c8418a7\build\Data\Random\Source\Internal\TH.o )

[;1msrc\Data\Random\Source\Internal\TH.hs:85:1: [;1m[35mwarning:[0m[0m[;1m [[;1m[35m-Wunused-top-binds[0m[0m[;1m][0m[0m[;1m
    Defined but not used: `requireMethod'[0m[0m
[;1m[34m   |[0m[0m
[;1m[34m85 |[0m[0m [;1m[35mrequireMethod[0m[0m m = do
[;1m[34m   |[0m[0m[;1m[35m ^^^^^^^^^^^^^[0m[0m
[0m[0m[0m
[;1msrc\Data\Random\Source\Internal\TH.hs:93:1: [;1m[35mwarning:[0m[0m[;1m [[;1m[35m-Wunused-top-binds[0m[0m[;1m][0m[0m[;1m
    Defined but not used: `score'[0m[0m
[;1m[34m   |[0m[0m
[;1m[34m93 |[0m[0m [;1m[35mscore[0m[0m = lift . FD.score
[;1m[34m   |[0m[0m[;1m[35m ^^^^^[0m[0m
[0m[0m[0m
[;1msrc\Data\Random\Source\Internal\TH.hs:104:1: [;1m[35mwarning:[0m[0m[;1m [[;1m[35m-Wunused-top-binds[0m[0m[;1m][0m[0m[;1m
    Defined but not used: `inline'[0m[0m
[;1m[34m    |[0m[0m
[;1m[34m104 |[0m[0m [;1m[35minline[0m[0m = lift FD.inline
[;1m[34m    |[0m[0m[;1m[35m ^^^^^^[0m[0m
[0m[0m[0m
[;1msrc\Data\Random\Source\Internal\TH.hs:107:1: [;1m[35mwarning:[0m[0m[;1m [[;1m[35m-Wunused-top-binds[0m[0m[;1m][0m[0m[;1m
    Defined but not used: `noinline'[0m[0m
[;1m[34m    |[0m[0m
[;1m[34m107 |[0m[0m [;1m[35mnoinline[0m[0m = lift FD.noinline
[;1m[34m    |[0m[0m[;1m[35m ^^^^^^^^[0m[0m
[0m[0m[0m
[;1msrc\Data\Random\Source\Internal\TH.hs:110:1: [;1m[35mwarning:[0m[0m[;1m [[;1m[35m-Wunused-top-binds[0m[0m[;1m][0m[0m[;1m
    Defined but not used: `replaceMethodName'[0m[0m
[;1m[34m    |[0m[0m
[;1m[34m110 |[0m[0m [;1m[35mreplaceMethodName[0m[0m f = replace (fmap f . nameToMethod Generic)
[;1m[34m    |[0m[0m[;1m[35m ^^^^^^^^^^^^^^^^^[0m[0m
[0m[0m[0m[ 5 of 10] Compiling Data.Random.Source ( src\Data\Random\Source.hs, .stack-work\dist\5c8418a7\build\Data\Random\Source.o )
[ 6 of 10] Compiling Data.Random.Source.MWC ( src\Data\Random\Source\MWC.hs, .stack-work\dist\5c8418a7\build\Data\Random\Source\MWC.o )
[ 7 of 10] Compiling Data.Random.Source.IO ( src\Data\Random\Source\IO.hs, .stack-work\dist\5c8418a7\build\Data\Random\Source\IO.o )
[ 8 of 10] Compiling Data.Random.Source.PureMT ( src\Data\Random\Source\PureMT.hs, .stack-work\dist\5c8418a7\build\Data\Random\Source\PureMT.o )
[ 9 of 10] Compiling Data.Random.Source.Std ( src\Data\Random\Source\Std.hs, .stack-work\dist\5c8418a7\build\Data\Random\Source\Std.o )
[10 of 10] Compiling Data.Random.Source.StdGen ( src\Data\Random\Source\StdGen.hs, .stack-work\dist\5c8418a7\build\Data\Random\Source\StdGen.o )
Installing library in C:\sr\snapshots\b40ca3f8\lib\x86_64-windows-ghc-8.2.2\random-source-0.3.0.6-Akty7ojBQAxHUWJz4lUNPc
Registering library for random-source-0.3.0.6..
